Performing C SOURCE FILE Test CMAKE_HAVE_LIBC_PTHREAD failed with the following output:
Change Dir: /home/right/ros_noetic/lidar25_nodes/src/build/CMakeFiles/CMakeTmp

Run Build Command(s):/usr/bin/make cmTC_fcceb/fast && /usr/bin/make -f CMakeFiles/cmTC_fcceb.dir/build.make CMakeFiles/cmTC_fcceb.dir/build
make[1]: Entering directory '/home/right/ros_noetic/lidar25_nodes/src/build/CMakeFiles/CMakeTmp'
Building C object CMakeFiles/cmTC_fcceb.dir/src.c.o
/usr/bin/cc   -DCMAKE_HAVE_LIBC_PTHREAD   -o CMakeFiles/cmTC_fcceb.dir/src.c.o   -c /home/right/ros_noetic/lidar25_nodes/src/build/CMakeFiles/CMakeTmp/src.c
Linking C executable cmTC_fcceb
/usr/bin/cmake -E cmake_link_script CMakeFiles/cmTC_fcceb.dir/link.txt --verbose=1
/usr/bin/cc  -DCMAKE_HAVE_LIBC_PTHREAD    -rdynamic CMakeFiles/cmTC_fcceb.dir/src.c.o  -o cmTC_fcceb 
/usr/bin/ld: CMakeFiles/cmTC_fcceb.dir/src.c.o: in function `main':
src.c:(.text+0x46): undefined reference to `pthread_create'
/usr/bin/ld: src.c:(.text+0x52): undefined reference to `pthread_detach'
/usr/bin/ld: src.c:(.text+0x63): undefined reference to `pthread_join'
collect2: error: ld returned 1 exit status
make[1]: *** [CMakeFiles/cmTC_fcceb.dir/build.make:87: cmTC_fcceb] Error 1
make[1]: Leaving directory '/home/right/ros_noetic/lidar25_nodes/src/build/CMakeFiles/CMakeTmp'
make: *** [Makefile:121: cmTC_fcceb/fast] Error 2


Source file was:
#include <pthread.h>

void* test_func(void* data)
{
  return data;
}

int main(void)
{
  pthread_t thread;
  pthread_create(&thread, NULL, test_func, NULL);
  pthread_detach(thread);
  pthread_join(thread, NULL);
  pthread_atfork(NULL, NULL, NULL);
  pthread_exit(NULL);

  return 0;
}

Determining if the function pthread_create exists in the pthreads failed with the following output:
Change Dir: /home/right/ros_noetic/lidar25_nodes/src/build/CMakeFiles/CMakeTmp

Run Build Command(s):/usr/bin/make cmTC_7563a/fast && /usr/bin/make -f CMakeFiles/cmTC_7563a.dir/build.make CMakeFiles/cmTC_7563a.dir/build
make[1]: Entering directory '/home/right/ros_noetic/lidar25_nodes/src/build/CMakeFiles/CMakeTmp'
Building C object CMakeFiles/cmTC_7563a.dir/CheckFunctionExists.c.o
/usr/bin/cc   -DCHECK_FUNCTION_EXISTS=pthread_create   -o CMakeFiles/cmTC_7563a.dir/CheckFunctionExists.c.o   -c /usr/share/cmake-3.16/Modules/CheckFunctionExists.c
Linking C executable cmTC_7563a
/usr/bin/cmake -E cmake_link_script CMakeFiles/cmTC_7563a.dir/link.txt --verbose=1
/usr/bin/cc  -DCHECK_FUNCTION_EXISTS=pthread_create    -rdynamic CMakeFiles/cmTC_7563a.dir/CheckFunctionExists.c.o  -o cmTC_7563a  -lpthreads 
/usr/bin/ld: cannot find -lpthreads
collect2: error: ld returned 1 exit status
make[1]: *** [CMakeFiles/cmTC_7563a.dir/build.make:87: cmTC_7563a] Error 1
make[1]: Leaving directory '/home/right/ros_noetic/lidar25_nodes/src/build/CMakeFiles/CMakeTmp'
make: *** [Makefile:121: cmTC_7563a/fast] Error 2



Performing C SOURCE FILE Test CMAKE_HAVE_LIBC_PTHREAD failed with the following output:
Change Dir: /home/right/ros_noetic/lidar25_nodes/src/build/CMakeFiles/CMakeTmp

Run Build Command(s):/usr/bin/make cmTC_c44c3/fast && /usr/bin/make -f CMakeFiles/cmTC_c44c3.dir/build.make CMakeFiles/cmTC_c44c3.dir/build
make[1]: Entering directory '/home/right/ros_noetic/lidar25_nodes/src/build/CMakeFiles/CMakeTmp'
Building C object CMakeFiles/cmTC_c44c3.dir/src.c.o
/usr/bin/cc   -DCMAKE_HAVE_LIBC_PTHREAD   -o CMakeFiles/cmTC_c44c3.dir/src.c.o   -c /home/right/ros_noetic/lidar25_nodes/src/build/CMakeFiles/CMakeTmp/src.c
Linking C executable cmTC_c44c3
/usr/bin/cmake -E cmake_link_script CMakeFiles/cmTC_c44c3.dir/link.txt --verbose=1
/usr/bin/cc  -DCMAKE_HAVE_LIBC_PTHREAD    -rdynamic CMakeFiles/cmTC_c44c3.dir/src.c.o  -o cmTC_c44c3 
/usr/bin/ld: CMakeFiles/cmTC_c44c3.dir/src.c.o: in function `main':
src.c:(.text+0x46): undefined reference to `pthread_create'
/usr/bin/ld: src.c:(.text+0x52): undefined reference to `pthread_detach'
/usr/bin/ld: src.c:(.text+0x63): undefined reference to `pthread_join'
collect2: error: ld returned 1 exit status
make[1]: *** [CMakeFiles/cmTC_c44c3.dir/build.make:87: cmTC_c44c3] Error 1
make[1]: Leaving directory '/home/right/ros_noetic/lidar25_nodes/src/build/CMakeFiles/CMakeTmp'
make: *** [Makefile:121: cmTC_c44c3/fast] Error 2


Source file was:
#include <pthread.h>

void* test_func(void* data)
{
  return data;
}

int main(void)
{
  pthread_t thread;
  pthread_create(&thread, NULL, test_func, NULL);
  pthread_detach(thread);
  pthread_join(thread, NULL);
  pthread_atfork(NULL, NULL, NULL);
  pthread_exit(NULL);

  return 0;
}

Determining if the function pthread_create exists in the pthreads failed with the following output:
Change Dir: /home/right/ros_noetic/lidar25_nodes/src/build/CMakeFiles/CMakeTmp

Run Build Command(s):/usr/bin/make cmTC_35a46/fast && /usr/bin/make -f CMakeFiles/cmTC_35a46.dir/build.make CMakeFiles/cmTC_35a46.dir/build
make[1]: Entering directory '/home/right/ros_noetic/lidar25_nodes/src/build/CMakeFiles/CMakeTmp'
Building C object CMakeFiles/cmTC_35a46.dir/CheckFunctionExists.c.o
/usr/bin/cc   -DCHECK_FUNCTION_EXISTS=pthread_create   -o CMakeFiles/cmTC_35a46.dir/CheckFunctionExists.c.o   -c /usr/share/cmake-3.16/Modules/CheckFunctionExists.c
Linking C executable cmTC_35a46
/usr/bin/cmake -E cmake_link_script CMakeFiles/cmTC_35a46.dir/link.txt --verbose=1
/usr/bin/cc  -DCHECK_FUNCTION_EXISTS=pthread_create    -rdynamic CMakeFiles/cmTC_35a46.dir/CheckFunctionExists.c.o  -o cmTC_35a46  -lpthreads 
/usr/bin/ld: cannot find -lpthreads
collect2: error: ld returned 1 exit status
make[1]: *** [CMakeFiles/cmTC_35a46.dir/build.make:87: cmTC_35a46] Error 1
make[1]: Leaving directory '/home/right/ros_noetic/lidar25_nodes/src/build/CMakeFiles/CMakeTmp'
make: *** [Makefile:121: cmTC_35a46/fast] Error 2



Performing C SOURCE FILE Test CMAKE_HAVE_LIBC_PTHREAD failed with the following output:
Change Dir: /home/right/ros_noetic/lidar25_nodes/src/build/CMakeFiles/CMakeTmp

Run Build Command(s):/usr/bin/make cmTC_fc4dc/fast && /usr/bin/make -f CMakeFiles/cmTC_fc4dc.dir/build.make CMakeFiles/cmTC_fc4dc.dir/build
make[1]: Entering directory '/home/right/ros_noetic/lidar25_nodes/src/build/CMakeFiles/CMakeTmp'
Building C object CMakeFiles/cmTC_fc4dc.dir/src.c.o
/usr/bin/cc   -DCMAKE_HAVE_LIBC_PTHREAD   -o CMakeFiles/cmTC_fc4dc.dir/src.c.o   -c /home/right/ros_noetic/lidar25_nodes/src/build/CMakeFiles/CMakeTmp/src.c
Linking C executable cmTC_fc4dc
/usr/bin/cmake -E cmake_link_script CMakeFiles/cmTC_fc4dc.dir/link.txt --verbose=1
/usr/bin/cc  -DCMAKE_HAVE_LIBC_PTHREAD    -rdynamic CMakeFiles/cmTC_fc4dc.dir/src.c.o  -o cmTC_fc4dc 
/usr/bin/ld: CMakeFiles/cmTC_fc4dc.dir/src.c.o: in function `main':
src.c:(.text+0x46): undefined reference to `pthread_create'
/usr/bin/ld: src.c:(.text+0x52): undefined reference to `pthread_detach'
/usr/bin/ld: src.c:(.text+0x63): undefined reference to `pthread_join'
collect2: error: ld returned 1 exit status
make[1]: *** [CMakeFiles/cmTC_fc4dc.dir/build.make:87: cmTC_fc4dc] Error 1
make[1]: Leaving directory '/home/right/ros_noetic/lidar25_nodes/src/build/CMakeFiles/CMakeTmp'
make: *** [Makefile:121: cmTC_fc4dc/fast] Error 2


Source file was:
#include <pthread.h>

void* test_func(void* data)
{
  return data;
}

int main(void)
{
  pthread_t thread;
  pthread_create(&thread, NULL, test_func, NULL);
  pthread_detach(thread);
  pthread_join(thread, NULL);
  pthread_atfork(NULL, NULL, NULL);
  pthread_exit(NULL);

  return 0;
}

Determining if the function pthread_create exists in the pthreads failed with the following output:
Change Dir: /home/right/ros_noetic/lidar25_nodes/src/build/CMakeFiles/CMakeTmp

Run Build Command(s):/usr/bin/make cmTC_b607b/fast && /usr/bin/make -f CMakeFiles/cmTC_b607b.dir/build.make CMakeFiles/cmTC_b607b.dir/build
make[1]: Entering directory '/home/right/ros_noetic/lidar25_nodes/src/build/CMakeFiles/CMakeTmp'
Building C object CMakeFiles/cmTC_b607b.dir/CheckFunctionExists.c.o
/usr/bin/cc   -DCHECK_FUNCTION_EXISTS=pthread_create   -o CMakeFiles/cmTC_b607b.dir/CheckFunctionExists.c.o   -c /usr/share/cmake-3.16/Modules/CheckFunctionExists.c
Linking C executable cmTC_b607b
/usr/bin/cmake -E cmake_link_script CMakeFiles/cmTC_b607b.dir/link.txt --verbose=1
/usr/bin/cc  -DCHECK_FUNCTION_EXISTS=pthread_create    -rdynamic CMakeFiles/cmTC_b607b.dir/CheckFunctionExists.c.o  -o cmTC_b607b  -lpthreads 
/usr/bin/ld: cannot find -lpthreads
collect2: error: ld returned 1 exit status
make[1]: *** [CMakeFiles/cmTC_b607b.dir/build.make:87: cmTC_b607b] Error 1
make[1]: Leaving directory '/home/right/ros_noetic/lidar25_nodes/src/build/CMakeFiles/CMakeTmp'
make: *** [Makefile:121: cmTC_b607b/fast] Error 2



Performing C SOURCE FILE Test CMAKE_HAVE_LIBC_PTHREAD failed with the following output:
Change Dir: /home/right/ros_noetic/lidar25_nodes/src/build/CMakeFiles/CMakeTmp

Run Build Command(s):/usr/bin/make cmTC_7e2b2/fast && /usr/bin/make -f CMakeFiles/cmTC_7e2b2.dir/build.make CMakeFiles/cmTC_7e2b2.dir/build
make[1]: Entering directory '/home/right/ros_noetic/lidar25_nodes/src/build/CMakeFiles/CMakeTmp'
Building C object CMakeFiles/cmTC_7e2b2.dir/src.c.o
/usr/bin/cc   -DCMAKE_HAVE_LIBC_PTHREAD   -o CMakeFiles/cmTC_7e2b2.dir/src.c.o   -c /home/right/ros_noetic/lidar25_nodes/src/build/CMakeFiles/CMakeTmp/src.c
Linking C executable cmTC_7e2b2
/usr/bin/cmake -E cmake_link_script CMakeFiles/cmTC_7e2b2.dir/link.txt --verbose=1
/usr/bin/cc  -DCMAKE_HAVE_LIBC_PTHREAD    -rdynamic CMakeFiles/cmTC_7e2b2.dir/src.c.o  -o cmTC_7e2b2 
/usr/bin/ld: CMakeFiles/cmTC_7e2b2.dir/src.c.o: in function `main':
src.c:(.text+0x46): undefined reference to `pthread_create'
/usr/bin/ld: src.c:(.text+0x52): undefined reference to `pthread_detach'
/usr/bin/ld: src.c:(.text+0x63): undefined reference to `pthread_join'
collect2: error: ld returned 1 exit status
make[1]: *** [CMakeFiles/cmTC_7e2b2.dir/build.make:87: cmTC_7e2b2] Error 1
make[1]: Leaving directory '/home/right/ros_noetic/lidar25_nodes/src/build/CMakeFiles/CMakeTmp'
make: *** [Makefile:121: cmTC_7e2b2/fast] Error 2


Source file was:
#include <pthread.h>

void* test_func(void* data)
{
  return data;
}

int main(void)
{
  pthread_t thread;
  pthread_create(&thread, NULL, test_func, NULL);
  pthread_detach(thread);
  pthread_join(thread, NULL);
  pthread_atfork(NULL, NULL, NULL);
  pthread_exit(NULL);

  return 0;
}

Determining if the function pthread_create exists in the pthreads failed with the following output:
Change Dir: /home/right/ros_noetic/lidar25_nodes/src/build/CMakeFiles/CMakeTmp

Run Build Command(s):/usr/bin/make cmTC_074ee/fast && /usr/bin/make -f CMakeFiles/cmTC_074ee.dir/build.make CMakeFiles/cmTC_074ee.dir/build
make[1]: Entering directory '/home/right/ros_noetic/lidar25_nodes/src/build/CMakeFiles/CMakeTmp'
Building C object CMakeFiles/cmTC_074ee.dir/CheckFunctionExists.c.o
/usr/bin/cc   -DCHECK_FUNCTION_EXISTS=pthread_create   -o CMakeFiles/cmTC_074ee.dir/CheckFunctionExists.c.o   -c /usr/share/cmake-3.16/Modules/CheckFunctionExists.c
Linking C executable cmTC_074ee
/usr/bin/cmake -E cmake_link_script CMakeFiles/cmTC_074ee.dir/link.txt --verbose=1
/usr/bin/cc  -DCHECK_FUNCTION_EXISTS=pthread_create    -rdynamic CMakeFiles/cmTC_074ee.dir/CheckFunctionExists.c.o  -o cmTC_074ee  -lpthreads 
/usr/bin/ld: cannot find -lpthreads
collect2: error: ld returned 1 exit status
make[1]: *** [CMakeFiles/cmTC_074ee.dir/build.make:87: cmTC_074ee] Error 1
make[1]: Leaving directory '/home/right/ros_noetic/lidar25_nodes/src/build/CMakeFiles/CMakeTmp'
make: *** [Makefile:121: cmTC_074ee/fast] Error 2



Performing C SOURCE FILE Test CMAKE_HAVE_LIBC_PTHREAD failed with the following output:
Change Dir: /home/right/ros_noetic/lidar25_nodes/src/build/CMakeFiles/CMakeTmp

Run Build Command(s):/usr/bin/make cmTC_7a2dc/fast && /usr/bin/make -f CMakeFiles/cmTC_7a2dc.dir/build.make CMakeFiles/cmTC_7a2dc.dir/build
make[1]: Entering directory '/home/right/ros_noetic/lidar25_nodes/src/build/CMakeFiles/CMakeTmp'
Building C object CMakeFiles/cmTC_7a2dc.dir/src.c.o
/usr/bin/cc   -DCMAKE_HAVE_LIBC_PTHREAD   -o CMakeFiles/cmTC_7a2dc.dir/src.c.o   -c /home/right/ros_noetic/lidar25_nodes/src/build/CMakeFiles/CMakeTmp/src.c
Linking C executable cmTC_7a2dc
/usr/bin/cmake -E cmake_link_script CMakeFiles/cmTC_7a2dc.dir/link.txt --verbose=1
/usr/bin/cc  -DCMAKE_HAVE_LIBC_PTHREAD    -rdynamic CMakeFiles/cmTC_7a2dc.dir/src.c.o  -o cmTC_7a2dc 
/usr/bin/ld: CMakeFiles/cmTC_7a2dc.dir/src.c.o: in function `main':
src.c:(.text+0x46): undefined reference to `pthread_create'
/usr/bin/ld: src.c:(.text+0x52): undefined reference to `pthread_detach'
/usr/bin/ld: src.c:(.text+0x63): undefined reference to `pthread_join'
collect2: error: ld returned 1 exit status
make[1]: *** [CMakeFiles/cmTC_7a2dc.dir/build.make:87: cmTC_7a2dc] Error 1
make[1]: Leaving directory '/home/right/ros_noetic/lidar25_nodes/src/build/CMakeFiles/CMakeTmp'
make: *** [Makefile:121: cmTC_7a2dc/fast] Error 2


Source file was:
#include <pthread.h>

void* test_func(void* data)
{
  return data;
}

int main(void)
{
  pthread_t thread;
  pthread_create(&thread, NULL, test_func, NULL);
  pthread_detach(thread);
  pthread_join(thread, NULL);
  pthread_atfork(NULL, NULL, NULL);
  pthread_exit(NULL);

  return 0;
}

Determining if the function pthread_create exists in the pthreads failed with the following output:
Change Dir: /home/right/ros_noetic/lidar25_nodes/src/build/CMakeFiles/CMakeTmp

Run Build Command(s):/usr/bin/make cmTC_f020a/fast && /usr/bin/make -f CMakeFiles/cmTC_f020a.dir/build.make CMakeFiles/cmTC_f020a.dir/build
make[1]: Entering directory '/home/right/ros_noetic/lidar25_nodes/src/build/CMakeFiles/CMakeTmp'
Building C object CMakeFiles/cmTC_f020a.dir/CheckFunctionExists.c.o
/usr/bin/cc   -DCHECK_FUNCTION_EXISTS=pthread_create   -o CMakeFiles/cmTC_f020a.dir/CheckFunctionExists.c.o   -c /usr/share/cmake-3.16/Modules/CheckFunctionExists.c
Linking C executable cmTC_f020a
/usr/bin/cmake -E cmake_link_script CMakeFiles/cmTC_f020a.dir/link.txt --verbose=1
/usr/bin/cc  -DCHECK_FUNCTION_EXISTS=pthread_create    -rdynamic CMakeFiles/cmTC_f020a.dir/CheckFunctionExists.c.o  -o cmTC_f020a  -lpthreads 
/usr/bin/ld: cannot find -lpthreads
collect2: error: ld returned 1 exit status
make[1]: *** [CMakeFiles/cmTC_f020a.dir/build.make:87: cmTC_f020a] Error 1
make[1]: Leaving directory '/home/right/ros_noetic/lidar25_nodes/src/build/CMakeFiles/CMakeTmp'
make: *** [Makefile:121: cmTC_f020a/fast] Error 2



Performing C SOURCE FILE Test CMAKE_HAVE_LIBC_PTHREAD failed with the following output:
Change Dir: /home/right/ros_noetic/lidar25_nodes/src/build/CMakeFiles/CMakeTmp

Run Build Command(s):/usr/bin/make cmTC_2126f/fast && /usr/bin/make -f CMakeFiles/cmTC_2126f.dir/build.make CMakeFiles/cmTC_2126f.dir/build
make[1]: Entering directory '/home/right/ros_noetic/lidar25_nodes/src/build/CMakeFiles/CMakeTmp'
Building C object CMakeFiles/cmTC_2126f.dir/src.c.o
/usr/bin/cc   -DCMAKE_HAVE_LIBC_PTHREAD   -o CMakeFiles/cmTC_2126f.dir/src.c.o   -c /home/right/ros_noetic/lidar25_nodes/src/build/CMakeFiles/CMakeTmp/src.c
Linking C executable cmTC_2126f
/usr/bin/cmake -E cmake_link_script CMakeFiles/cmTC_2126f.dir/link.txt --verbose=1
/usr/bin/cc  -DCMAKE_HAVE_LIBC_PTHREAD    -rdynamic CMakeFiles/cmTC_2126f.dir/src.c.o  -o cmTC_2126f 
/usr/bin/ld: CMakeFiles/cmTC_2126f.dir/src.c.o: in function `main':
src.c:(.text+0x46): undefined reference to `pthread_create'
/usr/bin/ld: src.c:(.text+0x52): undefined reference to `pthread_detach'
/usr/bin/ld: src.c:(.text+0x63): undefined reference to `pthread_join'
collect2: error: ld returned 1 exit status
make[1]: *** [CMakeFiles/cmTC_2126f.dir/build.make:87: cmTC_2126f] Error 1
make[1]: Leaving directory '/home/right/ros_noetic/lidar25_nodes/src/build/CMakeFiles/CMakeTmp'
make: *** [Makefile:121: cmTC_2126f/fast] Error 2


Source file was:
#include <pthread.h>

void* test_func(void* data)
{
  return data;
}

int main(void)
{
  pthread_t thread;
  pthread_create(&thread, NULL, test_func, NULL);
  pthread_detach(thread);
  pthread_join(thread, NULL);
  pthread_atfork(NULL, NULL, NULL);
  pthread_exit(NULL);

  return 0;
}

Determining if the function pthread_create exists in the pthreads failed with the following output:
Change Dir: /home/right/ros_noetic/lidar25_nodes/src/build/CMakeFiles/CMakeTmp

Run Build Command(s):/usr/bin/make cmTC_0e5c3/fast && /usr/bin/make -f CMakeFiles/cmTC_0e5c3.dir/build.make CMakeFiles/cmTC_0e5c3.dir/build
make[1]: Entering directory '/home/right/ros_noetic/lidar25_nodes/src/build/CMakeFiles/CMakeTmp'
Building C object CMakeFiles/cmTC_0e5c3.dir/CheckFunctionExists.c.o
/usr/bin/cc   -DCHECK_FUNCTION_EXISTS=pthread_create   -o CMakeFiles/cmTC_0e5c3.dir/CheckFunctionExists.c.o   -c /usr/share/cmake-3.16/Modules/CheckFunctionExists.c
Linking C executable cmTC_0e5c3
/usr/bin/cmake -E cmake_link_script CMakeFiles/cmTC_0e5c3.dir/link.txt --verbose=1
/usr/bin/cc  -DCHECK_FUNCTION_EXISTS=pthread_create    -rdynamic CMakeFiles/cmTC_0e5c3.dir/CheckFunctionExists.c.o  -o cmTC_0e5c3  -lpthreads 
/usr/bin/ld: cannot find -lpthreads
collect2: error: ld returned 1 exit status
make[1]: *** [CMakeFiles/cmTC_0e5c3.dir/build.make:87: cmTC_0e5c3] Error 1
make[1]: Leaving directory '/home/right/ros_noetic/lidar25_nodes/src/build/CMakeFiles/CMakeTmp'
make: *** [Makefile:121: cmTC_0e5c3/fast] Error 2



Performing C SOURCE FILE Test CMAKE_HAVE_LIBC_PTHREAD failed with the following output:
Change Dir: /home/right/ros_noetic/lidar25_nodes/src/build/CMakeFiles/CMakeTmp

Run Build Command(s):/usr/bin/make cmTC_3ea6f/fast && /usr/bin/make -f CMakeFiles/cmTC_3ea6f.dir/build.make CMakeFiles/cmTC_3ea6f.dir/build
make[1]: Entering directory '/home/right/ros_noetic/lidar25_nodes/src/build/CMakeFiles/CMakeTmp'
Building C object CMakeFiles/cmTC_3ea6f.dir/src.c.o
/usr/bin/cc   -DCMAKE_HAVE_LIBC_PTHREAD   -o CMakeFiles/cmTC_3ea6f.dir/src.c.o   -c /home/right/ros_noetic/lidar25_nodes/src/build/CMakeFiles/CMakeTmp/src.c
Linking C executable cmTC_3ea6f
/usr/bin/cmake -E cmake_link_script CMakeFiles/cmTC_3ea6f.dir/link.txt --verbose=1
/usr/bin/cc  -DCMAKE_HAVE_LIBC_PTHREAD    -rdynamic CMakeFiles/cmTC_3ea6f.dir/src.c.o  -o cmTC_3ea6f 
/usr/bin/ld: CMakeFiles/cmTC_3ea6f.dir/src.c.o: in function `main':
src.c:(.text+0x46): undefined reference to `pthread_create'
/usr/bin/ld: src.c:(.text+0x52): undefined reference to `pthread_detach'
/usr/bin/ld: src.c:(.text+0x63): undefined reference to `pthread_join'
collect2: error: ld returned 1 exit status
make[1]: *** [CMakeFiles/cmTC_3ea6f.dir/build.make:87: cmTC_3ea6f] Error 1
make[1]: Leaving directory '/home/right/ros_noetic/lidar25_nodes/src/build/CMakeFiles/CMakeTmp'
make: *** [Makefile:121: cmTC_3ea6f/fast] Error 2


Source file was:
#include <pthread.h>

void* test_func(void* data)
{
  return data;
}

int main(void)
{
  pthread_t thread;
  pthread_create(&thread, NULL, test_func, NULL);
  pthread_detach(thread);
  pthread_join(thread, NULL);
  pthread_atfork(NULL, NULL, NULL);
  pthread_exit(NULL);

  return 0;
}

Determining if the function pthread_create exists in the pthreads failed with the following output:
Change Dir: /home/right/ros_noetic/lidar25_nodes/src/build/CMakeFiles/CMakeTmp

Run Build Command(s):/usr/bin/make cmTC_38230/fast && /usr/bin/make -f CMakeFiles/cmTC_38230.dir/build.make CMakeFiles/cmTC_38230.dir/build
make[1]: Entering directory '/home/right/ros_noetic/lidar25_nodes/src/build/CMakeFiles/CMakeTmp'
Building C object CMakeFiles/cmTC_38230.dir/CheckFunctionExists.c.o
/usr/bin/cc   -DCHECK_FUNCTION_EXISTS=pthread_create   -o CMakeFiles/cmTC_38230.dir/CheckFunctionExists.c.o   -c /usr/share/cmake-3.16/Modules/CheckFunctionExists.c
Linking C executable cmTC_38230
/usr/bin/cmake -E cmake_link_script CMakeFiles/cmTC_38230.dir/link.txt --verbose=1
/usr/bin/cc  -DCHECK_FUNCTION_EXISTS=pthread_create    -rdynamic CMakeFiles/cmTC_38230.dir/CheckFunctionExists.c.o  -o cmTC_38230  -lpthreads 
/usr/bin/ld: cannot find -lpthreads
collect2: error: ld returned 1 exit status
make[1]: *** [CMakeFiles/cmTC_38230.dir/build.make:87: cmTC_38230] Error 1
make[1]: Leaving directory '/home/right/ros_noetic/lidar25_nodes/src/build/CMakeFiles/CMakeTmp'
make: *** [Makefile:121: cmTC_38230/fast] Error 2



Performing C SOURCE FILE Test CMAKE_HAVE_LIBC_PTHREAD failed with the following output:
Change Dir: /home/right/ros_noetic/lidar25_nodes/src/build/CMakeFiles/CMakeTmp

Run Build Command(s):/usr/bin/make cmTC_da850/fast && /usr/bin/make -f CMakeFiles/cmTC_da850.dir/build.make CMakeFiles/cmTC_da850.dir/build
make[1]: Entering directory '/home/right/ros_noetic/lidar25_nodes/src/build/CMakeFiles/CMakeTmp'
Building C object CMakeFiles/cmTC_da850.dir/src.c.o
/usr/bin/cc   -DCMAKE_HAVE_LIBC_PTHREAD   -o CMakeFiles/cmTC_da850.dir/src.c.o   -c /home/right/ros_noetic/lidar25_nodes/src/build/CMakeFiles/CMakeTmp/src.c
Linking C executable cmTC_da850
/usr/bin/cmake -E cmake_link_script CMakeFiles/cmTC_da850.dir/link.txt --verbose=1
/usr/bin/cc  -DCMAKE_HAVE_LIBC_PTHREAD    -rdynamic CMakeFiles/cmTC_da850.dir/src.c.o  -o cmTC_da850 
/usr/bin/ld: CMakeFiles/cmTC_da850.dir/src.c.o: in function `main':
src.c:(.text+0x46): undefined reference to `pthread_create'
/usr/bin/ld: src.c:(.text+0x52): undefined reference to `pthread_detach'
/usr/bin/ld: src.c:(.text+0x63): undefined reference to `pthread_join'
collect2: error: ld returned 1 exit status
make[1]: *** [CMakeFiles/cmTC_da850.dir/build.make:87: cmTC_da850] Error 1
make[1]: Leaving directory '/home/right/ros_noetic/lidar25_nodes/src/build/CMakeFiles/CMakeTmp'
make: *** [Makefile:121: cmTC_da850/fast] Error 2


Source file was:
#include <pthread.h>

void* test_func(void* data)
{
  return data;
}

int main(void)
{
  pthread_t thread;
  pthread_create(&thread, NULL, test_func, NULL);
  pthread_detach(thread);
  pthread_join(thread, NULL);
  pthread_atfork(NULL, NULL, NULL);
  pthread_exit(NULL);

  return 0;
}

Determining if the function pthread_create exists in the pthreads failed with the following output:
Change Dir: /home/right/ros_noetic/lidar25_nodes/src/build/CMakeFiles/CMakeTmp

Run Build Command(s):/usr/bin/make cmTC_2db01/fast && /usr/bin/make -f CMakeFiles/cmTC_2db01.dir/build.make CMakeFiles/cmTC_2db01.dir/build
make[1]: Entering directory '/home/right/ros_noetic/lidar25_nodes/src/build/CMakeFiles/CMakeTmp'
Building C object CMakeFiles/cmTC_2db01.dir/CheckFunctionExists.c.o
/usr/bin/cc   -DCHECK_FUNCTION_EXISTS=pthread_create   -o CMakeFiles/cmTC_2db01.dir/CheckFunctionExists.c.o   -c /usr/share/cmake-3.16/Modules/CheckFunctionExists.c
Linking C executable cmTC_2db01
/usr/bin/cmake -E cmake_link_script CMakeFiles/cmTC_2db01.dir/link.txt --verbose=1
/usr/bin/cc  -DCHECK_FUNCTION_EXISTS=pthread_create    -rdynamic CMakeFiles/cmTC_2db01.dir/CheckFunctionExists.c.o  -o cmTC_2db01  -lpthreads 
/usr/bin/ld: cannot find -lpthreads
collect2: error: ld returned 1 exit status
make[1]: *** [CMakeFiles/cmTC_2db01.dir/build.make:87: cmTC_2db01] Error 1
make[1]: Leaving directory '/home/right/ros_noetic/lidar25_nodes/src/build/CMakeFiles/CMakeTmp'
make: *** [Makefile:121: cmTC_2db01/fast] Error 2



